[inclusive-timing-045076.framer.app/index.html]
[backblue.gif]
[fade.gif]
[index.html]
[framerusercontent.com/images/oRNeZ62u4diiv8IN9FgvilQqA.png]
[framerusercontent.com/assets/cqZGd4iV5hPYtPIQ1nVvhicK6U.png]
[framerusercontent.com/assets/eYrDCJNG6Glol08JxH0TGApyals.png]
[framerusercontent.com/images/vzbQiZpkeC2WegjSYPov2mzDMoY.png]
[framerusercontent.com/images/Ayp8ePo5P7dhLLSWWDeYYuTBjI.jpg]
[framerusercontent.com/images/DP7kaPusTcuV98jb46vl1mhh8Q.jpg]
[framerusercontent.com/images/SiYPwoNxympjqTaGQTEn86ms.jpg]
[framerusercontent.com/images/UBHo2KRVHbPgaIY8M4g2lvGZcnY.png]
[framerusercontent.com/images/6Tfgz6TgJJoEBF38x8ZhfS3Ea0.png]
[framerusercontent.com/images/xVplHgU9CiRKhAc5RnkusG5wio.png]
[framerusercontent.com/images/364kF67cz8XCK5pOekYfShv4039be.jpg]
[framerusercontent.com/images/i7F35Tw4OzAk6VN4TqL9NL2eiI39be.jpg]
[framerusercontent.com/images/mJ2wnRVqgG25G1VbM98Gj9s0E39be.jpg]
[framerusercontent.com/images/0wfRMYr5LJ35R9FLQ5bGRICFMY839be.jpg]
[framerusercontent.com/images/gsvGRm49RvzXgZXa2LxHiL9p6I39be.jpg]
[framerusercontent.com/images/jAHpDMyWYHkGiz48fHaZf644u9839be.jpg]
[framerusercontent.com/images/kSvVq2qv3kii0KelF58Yqm1AHYc39be.jpg]
[framerusercontent.com/images/hu9Carhowd4N1rcrGdlHUrMeIGM39be.jpg]
[framerusercontent.com/images/UdHJlQVN6l5TaMTP46t3QrEA678.png]
[framerusercontent.com/images/x8nERBbFJFmNdpsKC4XuRn89NE.png]
[framerusercontent.com/images/tozsY6K5TEtbY4Q7A1YnrPtuI.png]
[inclusive-timing-045076.framer.app/index.html]
